<?xml version="1.0" encoding="UTF-8"?>
<testsuite xmlns:xsi="http://www.w3.org/2001/XMLSchema-instance" xsi:noNamespaceSchemaLocation="https://maven.apache.org/surefire/maven-surefire-plugin/xsd/surefire-test-report.xsd" name="com.example.demo.DemoApplicationTests" time="3.372" tests="1" errors="0" skipped="0" failures="0">
  <properties>
    <property name="java.specification.version" value="17"/>
    <property name="sun.cpu.isalist" value="amd64"/>
    <property name="sun.jnu.encoding" value="GBK"/>
    <property name="java.class.path" value="D:\Coding\Idea\Kotlin\demo\target\test-classes;D:\Coding\Idea\Kotlin\demo\target\classes;D:\Program Files\apache\apache-maven-3.8.1\maven-repositoy\org\springframework\boot\spring-boot-starter-web\3.0.1\spring-boot-starter-web-3.0.1.jar;D:\Program Files\apache\apache-maven-3.8.1\maven-repositoy\org\springframework\boot\spring-boot-starter\3.0.1\spring-boot-starter-3.0.1.jar;D:\Program Files\apache\apache-maven-3.8.1\maven-repositoy\org\springframework\boot\spring-boot\3.0.1\spring-boot-3.0.1.jar;D:\Program Files\apache\apache-maven-3.8.1\maven-repositoy\org\springframework\boot\spring-boot-autoconfigure\3.0.1\spring-boot-autoconfigure-3.0.1.jar;D:\Program Files\apache\apache-maven-3.8.1\maven-repositoy\org\springframework\boot\spring-boot-starter-logging\3.0.1\spring-boot-starter-logging-3.0.1.jar;D:\Program Files\apache\apache-maven-3.8.1\maven-repositoy\ch\qos\logback\logback-classic\1.4.5\logback-classic-1.4.5.jar;D:\Program Files\apache\apache-maven-3.8.1\maven-repositoy\ch\qos\logback\logback-core\1.4.5\logback-core-1.4.5.jar;D:\Program Files\apache\apache-maven-3.8.1\maven-repositoy\org\apache\logging\log4j\log4j-to-slf4j\2.19.0\log4j-to-slf4j-2.19.0.jar;D:\Program Files\apache\apache-maven-3.8.1\maven-repositoy\org\apache\logging\log4j\log4j-api\2.19.0\log4j-api-2.19.0.jar;D:\Program Files\apache\apache-maven-3.8.1\maven-repositoy\org\slf4j\jul-to-slf4j\2.0.6\jul-to-slf4j-2.0.6.jar;D:\Program Files\apache\apache-maven-3.8.1\maven-repositoy\jakarta\annotation\jakarta.annotation-api\2.1.1\jakarta.annotation-api-2.1.1.jar;D:\Program Files\apache\apache-maven-3.8.1\maven-repositoy\org\yaml\snakeyaml\1.33\snakeyaml-1.33.jar;D:\Program Files\apache\apache-maven-3.8.1\maven-repositoy\org\springframework\boot\spring-boot-starter-json\3.0.1\spring-boot-starter-json-3.0.1.jar;D:\Program Files\apache\apache-maven-3.8.1\maven-repositoy\com\fasterxml\jackson\datatype\jackson-datatype-jdk8\2.14.1\jackson-datatype-jdk8-2.14.1.jar;D:\Program Files\apache\apache-maven-3.8.1\maven-repositoy\com\fasterxml\jackson\datatype\jackson-datatype-jsr310\2.14.1\jackson-datatype-jsr310-2.14.1.jar;D:\Program Files\apache\apache-maven-3.8.1\maven-repositoy\com\fasterxml\jackson\module\jackson-module-parameter-names\2.14.1\jackson-module-parameter-names-2.14.1.jar;D:\Program Files\apache\apache-maven-3.8.1\maven-repositoy\org\springframework\boot\spring-boot-starter-tomcat\3.0.1\spring-boot-starter-tomcat-3.0.1.jar;D:\Program Files\apache\apache-maven-3.8.1\maven-repositoy\org\apache\tomcat\embed\tomcat-embed-core\10.1.4\tomcat-embed-core-10.1.4.jar;D:\Program Files\apache\apache-maven-3.8.1\maven-repositoy\org\apache\tomcat\embed\tomcat-embed-el\10.1.4\tomcat-embed-el-10.1.4.jar;D:\Program Files\apache\apache-maven-3.8.1\maven-repositoy\org\apache\tomcat\embed\tomcat-embed-websocket\10.1.4\tomcat-embed-websocket-10.1.4.jar;D:\Program Files\apache\apache-maven-3.8.1\maven-repositoy\org\springframework\spring-web\6.0.3\spring-web-6.0.3.jar;D:\Program Files\apache\apache-maven-3.8.1\maven-repositoy\org\springframework\spring-beans\6.0.3\spring-beans-6.0.3.jar;D:\Program Files\apache\apache-maven-3.8.1\maven-repositoy\io\micrometer\micrometer-observation\1.10.2\micrometer-observation-1.10.2.jar;D:\Program Files\apache\apache-maven-3.8.1\maven-repositoy\io\micrometer\micrometer-commons\1.10.2\micrometer-commons-1.10.2.jar;D:\Program Files\apache\apache-maven-3.8.1\maven-repositoy\org\springframework\spring-webmvc\6.0.3\spring-webmvc-6.0.3.jar;D:\Program Files\apache\apache-maven-3.8.1\maven-repositoy\org\springframework\spring-aop\6.0.3\spring-aop-6.0.3.jar;D:\Program Files\apache\apache-maven-3.8.1\maven-repositoy\org\springframework\spring-context\6.0.3\spring-context-6.0.3.jar;D:\Program Files\apache\apache-maven-3.8.1\maven-repositoy\org\springframework\spring-expression\6.0.3\spring-expression-6.0.3.jar;D:\Program Files\apache\apache-maven-3.8.1\maven-repositoy\com\fasterxml\jackson\module\jackson-module-kotlin\2.14.1\jackson-module-kotlin-2.14.1.jar;D:\Program Files\apache\apache-maven-3.8.1\maven-repositoy\com\fasterxml\jackson\core\jackson-databind\2.14.1\jackson-databind-2.14.1.jar;D:\Program Files\apache\apache-maven-3.8.1\maven-repositoy\com\fasterxml\jackson\core\jackson-core\2.14.1\jackson-core-2.14.1.jar;D:\Program Files\apache\apache-maven-3.8.1\maven-repositoy\com\fasterxml\jackson\core\jackson-annotations\2.14.1\jackson-annotations-2.14.1.jar;D:\Program Files\apache\apache-maven-3.8.1\maven-repositoy\org\jetbrains\kotlin\kotlin-reflect\1.7.22\kotlin-reflect-1.7.22.jar;D:\Program Files\apache\apache-maven-3.8.1\maven-repositoy\org\jetbrains\kotlin\kotlin-stdlib\1.7.22\kotlin-stdlib-1.7.22.jar;D:\Program Files\apache\apache-maven-3.8.1\maven-repositoy\org\jetbrains\kotlin\kotlin-stdlib-common\1.7.22\kotlin-stdlib-common-1.7.22.jar;D:\Program Files\apache\apache-maven-3.8.1\maven-repositoy\org\jetbrains\annotations\13.0\annotations-13.0.jar;D:\Program Files\apache\apache-maven-3.8.1\maven-repositoy\org\jetbrains\kotlin\kotlin-stdlib-jdk8\1.7.22\kotlin-stdlib-jdk8-1.7.22.jar;D:\Program Files\apache\apache-maven-3.8.1\maven-repositoy\org\jetbrains\kotlin\kotlin-stdlib-jdk7\1.7.22\kotlin-stdlib-jdk7-1.7.22.jar;D:\Program Files\apache\apache-maven-3.8.1\maven-repositoy\org\springframework\boot\spring-boot-starter-test\3.0.1\spring-boot-starter-test-3.0.1.jar;D:\Program Files\apache\apache-maven-3.8.1\maven-repositoy\org\springframework\boot\spring-boot-test\3.0.1\spring-boot-test-3.0.1.jar;D:\Program Files\apache\apache-maven-3.8.1\maven-repositoy\org\springframework\boot\spring-boot-test-autoconfigure\3.0.1\spring-boot-test-autoconfigure-3.0.1.jar;D:\Program Files\apache\apache-maven-3.8.1\maven-repositoy\com\jayway\jsonpath\json-path\2.7.0\json-path-2.7.0.jar;D:\Program Files\apache\apache-maven-3.8.1\maven-repositoy\net\minidev\json-smart\2.4.8\json-smart-2.4.8.jar;D:\Program Files\apache\apache-maven-3.8.1\maven-repositoy\net\minidev\accessors-smart\2.4.8\accessors-smart-2.4.8.jar;D:\Program Files\apache\apache-maven-3.8.1\maven-repositoy\org\ow2\asm\asm\9.1\asm-9.1.jar;D:\Program Files\apache\apache-maven-3.8.1\maven-repositoy\org\slf4j\slf4j-api\2.0.6\slf4j-api-2.0.6.jar;D:\Program Files\apache\apache-maven-3.8.1\maven-repositoy\jakarta\xml\bind\jakarta.xml.bind-api\4.0.0\jakarta.xml.bind-api-4.0.0.jar;D:\Program Files\apache\apache-maven-3.8.1\maven-repositoy\jakarta\activation\jakarta.activation-api\2.1.0\jakarta.activation-api-2.1.0.jar;D:\Program Files\apache\apache-maven-3.8.1\maven-repositoy\org\assertj\assertj-core\3.23.1\assertj-core-3.23.1.jar;D:\Program Files\apache\apache-maven-3.8.1\maven-repositoy\net\bytebuddy\byte-buddy\1.12.20\byte-buddy-1.12.20.jar;D:\Program Files\apache\apache-maven-3.8.1\maven-repositoy\org\hamcrest\hamcrest\2.2\hamcrest-2.2.jar;D:\Program Files\apache\apache-maven-3.8.1\maven-repositoy\org\junit\jupiter\junit-jupiter\5.9.1\junit-jupiter-5.9.1.jar;D:\Program Files\apache\apache-maven-3.8.1\maven-repositoy\org\junit\jupiter\junit-jupiter-api\5.9.1\junit-jupiter-api-5.9.1.jar;D:\Program Files\apache\apache-maven-3.8.1\maven-repositoy\org\opentest4j\opentest4j\1.2.0\opentest4j-1.2.0.jar;D:\Program Files\apache\apache-maven-3.8.1\maven-repositoy\org\junit\platform\junit-platform-commons\1.9.1\junit-platform-commons-1.9.1.jar;D:\Program Files\apache\apache-maven-3.8.1\maven-repositoy\org\apiguardian\apiguardian-api\1.1.2\apiguardian-api-1.1.2.jar;D:\Program Files\apache\apache-maven-3.8.1\maven-repositoy\org\junit\jupiter\junit-jupiter-params\5.9.1\junit-jupiter-params-5.9.1.jar;D:\Program Files\apache\apache-maven-3.8.1\maven-repositoy\org\junit\jupiter\junit-jupiter-engine\5.9.1\junit-jupiter-engine-5.9.1.jar;D:\Program Files\apache\apache-maven-3.8.1\maven-repositoy\org\junit\platform\junit-platform-engine\1.9.1\junit-platform-engine-1.9.1.jar;D:\Program Files\apache\apache-maven-3.8.1\maven-repositoy\org\mockito\mockito-core\4.8.1\mockito-core-4.8.1.jar;D:\Program Files\apache\apache-maven-3.8.1\maven-repositoy\net\bytebuddy\byte-buddy-agent\1.12.20\byte-buddy-agent-1.12.20.jar;D:\Program Files\apache\apache-maven-3.8.1\maven-repositoy\org\objenesis\objenesis\3.2\objenesis-3.2.jar;D:\Program Files\apache\apache-maven-3.8.1\maven-repositoy\org\mockito\mockito-junit-jupiter\4.8.1\mockito-junit-jupiter-4.8.1.jar;D:\Program Files\apache\apache-maven-3.8.1\maven-repositoy\org\skyscreamer\jsonassert\1.5.1\jsonassert-1.5.1.jar;D:\Program Files\apache\apache-maven-3.8.1\maven-repositoy\com\vaadin\external\google\android-json\0.0.20131108.vaadin1\android-json-0.0.20131108.vaadin1.jar;D:\Program Files\apache\apache-maven-3.8.1\maven-repositoy\org\springframework\spring-core\6.0.3\spring-core-6.0.3.jar;D:\Program Files\apache\apache-maven-3.8.1\maven-repositoy\org\springframework\spring-jcl\6.0.3\spring-jcl-6.0.3.jar;D:\Program Files\apache\apache-maven-3.8.1\maven-repositoy\org\springframework\spring-test\6.0.3\spring-test-6.0.3.jar;D:\Program Files\apache\apache-maven-3.8.1\maven-repositoy\org\xmlunit\xmlunit-core\2.9.0\xmlunit-core-2.9.0.jar;"/>
    <property name="java.vm.vendor" value="BellSoft"/>
    <property name="sun.arch.data.model" value="64"/>
    <property name="user.variant" value=""/>
    <property name="java.vendor.url" value="https://bell-sw.com/"/>
    <property name="user.timezone" value="Asia/Shanghai"/>
    <property name="os.name" value="Windows 10"/>
    <property name="java.vm.specification.version" value="17"/>
    <property name="sun.java.launcher" value="SUN_STANDARD"/>
    <property name="user.country" value="CN"/>
    <property name="sun.boot.library.path" value="D:\ProgramData\Java\nik-jdk17\jdk17-22.3.1\bin"/>
    <property name="sun.java.command" value="C:\Users\27418\AppData\Local\Temp\surefire14073359305306896862\surefirebooter14765347138605011338.jar C:\Users\27418\AppData\Local\Temp\surefire14073359305306896862 2023-02-12T23-11-43_710-jvmRun1 surefire15121310386298023320tmp surefire_012283437500995293066tmp"/>
    <property name="jdk.debug" value="release"/>
    <property name="surefire.test.class.path" value="D:\Coding\Idea\Kotlin\demo\target\test-classes;D:\Coding\Idea\Kotlin\demo\target\classes;D:\Program Files\apache\apache-maven-3.8.1\maven-repositoy\org\springframework\boot\spring-boot-starter-web\3.0.1\spring-boot-starter-web-3.0.1.jar;D:\Program Files\apache\apache-maven-3.8.1\maven-repositoy\org\springframework\boot\spring-boot-starter\3.0.1\spring-boot-starter-3.0.1.jar;D:\Program Files\apache\apache-maven-3.8.1\maven-repositoy\org\springframework\boot\spring-boot\3.0.1\spring-boot-3.0.1.jar;D:\Program Files\apache\apache-maven-3.8.1\maven-repositoy\org\springframework\boot\spring-boot-autoconfigure\3.0.1\spring-boot-autoconfigure-3.0.1.jar;D:\Program Files\apache\apache-maven-3.8.1\maven-repositoy\org\springframework\boot\spring-boot-starter-logging\3.0.1\spring-boot-starter-logging-3.0.1.jar;D:\Program Files\apache\apache-maven-3.8.1\maven-repositoy\ch\qos\logback\logback-classic\1.4.5\logback-classic-1.4.5.jar;D:\Program Files\apache\apache-maven-3.8.1\maven-repositoy\ch\qos\logback\logback-core\1.4.5\logback-core-1.4.5.jar;D:\Program Files\apache\apache-maven-3.8.1\maven-repositoy\org\apache\logging\log4j\log4j-to-slf4j\2.19.0\log4j-to-slf4j-2.19.0.jar;D:\Program Files\apache\apache-maven-3.8.1\maven-repositoy\org\apache\logging\log4j\log4j-api\2.19.0\log4j-api-2.19.0.jar;D:\Program Files\apache\apache-maven-3.8.1\maven-repositoy\org\slf4j\jul-to-slf4j\2.0.6\jul-to-slf4j-2.0.6.jar;D:\Program Files\apache\apache-maven-3.8.1\maven-repositoy\jakarta\annotation\jakarta.annotation-api\2.1.1\jakarta.annotation-api-2.1.1.jar;D:\Program Files\apache\apache-maven-3.8.1\maven-repositoy\org\yaml\snakeyaml\1.33\snakeyaml-1.33.jar;D:\Program Files\apache\apache-maven-3.8.1\maven-repositoy\org\springframework\boot\spring-boot-starter-json\3.0.1\spring-boot-starter-json-3.0.1.jar;D:\Program Files\apache\apache-maven-3.8.1\maven-repositoy\com\fasterxml\jackson\datatype\jackson-datatype-jdk8\2.14.1\jackson-datatype-jdk8-2.14.1.jar;D:\Program Files\apache\apache-maven-3.8.1\maven-repositoy\com\fasterxml\jackson\datatype\jackson-datatype-jsr310\2.14.1\jackson-datatype-jsr310-2.14.1.jar;D:\Program Files\apache\apache-maven-3.8.1\maven-repositoy\com\fasterxml\jackson\module\jackson-module-parameter-names\2.14.1\jackson-module-parameter-names-2.14.1.jar;D:\Program Files\apache\apache-maven-3.8.1\maven-repositoy\org\springframework\boot\spring-boot-starter-tomcat\3.0.1\spring-boot-starter-tomcat-3.0.1.jar;D:\Program Files\apache\apache-maven-3.8.1\maven-repositoy\org\apache\tomcat\embed\tomcat-embed-core\10.1.4\tomcat-embed-core-10.1.4.jar;D:\Program Files\apache\apache-maven-3.8.1\maven-repositoy\org\apache\tomcat\embed\tomcat-embed-el\10.1.4\tomcat-embed-el-10.1.4.jar;D:\Program Files\apache\apache-maven-3.8.1\maven-repositoy\org\apache\tomcat\embed\tomcat-embed-websocket\10.1.4\tomcat-embed-websocket-10.1.4.jar;D:\Program Files\apache\apache-maven-3.8.1\maven-repositoy\org\springframework\spring-web\6.0.3\spring-web-6.0.3.jar;D:\Program Files\apache\apache-maven-3.8.1\maven-repositoy\org\springframework\spring-beans\6.0.3\spring-beans-6.0.3.jar;D:\Program Files\apache\apache-maven-3.8.1\maven-repositoy\io\micrometer\micrometer-observation\1.10.2\micrometer-observation-1.10.2.jar;D:\Program Files\apache\apache-maven-3.8.1\maven-repositoy\io\micrometer\micrometer-commons\1.10.2\micrometer-commons-1.10.2.jar;D:\Program Files\apache\apache-maven-3.8.1\maven-repositoy\org\springframework\spring-webmvc\6.0.3\spring-webmvc-6.0.3.jar;D:\Program Files\apache\apache-maven-3.8.1\maven-repositoy\org\springframework\spring-aop\6.0.3\spring-aop-6.0.3.jar;D:\Program Files\apache\apache-maven-3.8.1\maven-repositoy\org\springframework\spring-context\6.0.3\spring-context-6.0.3.jar;D:\Program Files\apache\apache-maven-3.8.1\maven-repositoy\org\springframework\spring-expression\6.0.3\spring-expression-6.0.3.jar;D:\Program Files\apache\apache-maven-3.8.1\maven-repositoy\com\fasterxml\jackson\module\jackson-module-kotlin\2.14.1\jackson-module-kotlin-2.14.1.jar;D:\Program Files\apache\apache-maven-3.8.1\maven-repositoy\com\fasterxml\jackson\core\jackson-databind\2.14.1\jackson-databind-2.14.1.jar;D:\Program Files\apache\apache-maven-3.8.1\maven-repositoy\com\fasterxml\jackson\core\jackson-core\2.14.1\jackson-core-2.14.1.jar;D:\Program Files\apache\apache-maven-3.8.1\maven-repositoy\com\fasterxml\jackson\core\jackson-annotations\2.14.1\jackson-annotations-2.14.1.jar;D:\Program Files\apache\apache-maven-3.8.1\maven-repositoy\org\jetbrains\kotlin\kotlin-reflect\1.7.22\kotlin-reflect-1.7.22.jar;D:\Program Files\apache\apache-maven-3.8.1\maven-repositoy\org\jetbrains\kotlin\kotlin-stdlib\1.7.22\kotlin-stdlib-1.7.22.jar;D:\Program Files\apache\apache-maven-3.8.1\maven-repositoy\org\jetbrains\kotlin\kotlin-stdlib-common\1.7.22\kotlin-stdlib-common-1.7.22.jar;D:\Program Files\apache\apache-maven-3.8.1\maven-repositoy\org\jetbrains\annotations\13.0\annotations-13.0.jar;D:\Program Files\apache\apache-maven-3.8.1\maven-repositoy\org\jetbrains\kotlin\kotlin-stdlib-jdk8\1.7.22\kotlin-stdlib-jdk8-1.7.22.jar;D:\Program Files\apache\apache-maven-3.8.1\maven-repositoy\org\jetbrains\kotlin\kotlin-stdlib-jdk7\1.7.22\kotlin-stdlib-jdk7-1.7.22.jar;D:\Program Files\apache\apache-maven-3.8.1\maven-repositoy\org\springframework\boot\spring-boot-starter-test\3.0.1\spring-boot-starter-test-3.0.1.jar;D:\Program Files\apache\apache-maven-3.8.1\maven-repositoy\org\springframework\boot\spring-boot-test\3.0.1\spring-boot-test-3.0.1.jar;D:\Program Files\apache\apache-maven-3.8.1\maven-repositoy\org\springframework\boot\spring-boot-test-autoconfigure\3.0.1\spring-boot-test-autoconfigure-3.0.1.jar;D:\Program Files\apache\apache-maven-3.8.1\maven-repositoy\com\jayway\jsonpath\json-path\2.7.0\json-path-2.7.0.jar;D:\Program Files\apache\apache-maven-3.8.1\maven-repositoy\net\minidev\json-smart\2.4.8\json-smart-2.4.8.jar;D:\Program Files\apache\apache-maven-3.8.1\maven-repositoy\net\minidev\accessors-smart\2.4.8\accessors-smart-2.4.8.jar;D:\Program Files\apache\apache-maven-3.8.1\maven-repositoy\org\ow2\asm\asm\9.1\asm-9.1.jar;D:\Program Files\apache\apache-maven-3.8.1\maven-repositoy\org\slf4j\slf4j-api\2.0.6\slf4j-api-2.0.6.jar;D:\Program Files\apache\apache-maven-3.8.1\maven-repositoy\jakarta\xml\bind\jakarta.xml.bind-api\4.0.0\jakarta.xml.bind-api-4.0.0.jar;D:\Program Files\apache\apache-maven-3.8.1\maven-repositoy\jakarta\activation\jakarta.activation-api\2.1.0\jakarta.activation-api-2.1.0.jar;D:\Program Files\apache\apache-maven-3.8.1\maven-repositoy\org\assertj\assertj-core\3.23.1\assertj-core-3.23.1.jar;D:\Program Files\apache\apache-maven-3.8.1\maven-repositoy\net\bytebuddy\byte-buddy\1.12.20\byte-buddy-1.12.20.jar;D:\Program Files\apache\apache-maven-3.8.1\maven-repositoy\org\hamcrest\hamcrest\2.2\hamcrest-2.2.jar;D:\Program Files\apache\apache-maven-3.8.1\maven-repositoy\org\junit\jupiter\junit-jupiter\5.9.1\junit-jupiter-5.9.1.jar;D:\Program Files\apache\apache-maven-3.8.1\maven-repositoy\org\junit\jupiter\junit-jupiter-api\5.9.1\junit-jupiter-api-5.9.1.jar;D:\Program Files\apache\apache-maven-3.8.1\maven-repositoy\org\opentest4j\opentest4j\1.2.0\opentest4j-1.2.0.jar;D:\Program Files\apache\apache-maven-3.8.1\maven-repositoy\org\junit\platform\junit-platform-commons\1.9.1\junit-platform-commons-1.9.1.jar;D:\Program Files\apache\apache-maven-3.8.1\maven-repositoy\org\apiguardian\apiguardian-api\1.1.2\apiguardian-api-1.1.2.jar;D:\Program Files\apache\apache-maven-3.8.1\maven-repositoy\org\junit\jupiter\junit-jupiter-params\5.9.1\junit-jupiter-params-5.9.1.jar;D:\Program Files\apache\apache-maven-3.8.1\maven-repositoy\org\junit\jupiter\junit-jupiter-engine\5.9.1\junit-jupiter-engine-5.9.1.jar;D:\Program Files\apache\apache-maven-3.8.1\maven-repositoy\org\junit\platform\junit-platform-engine\1.9.1\junit-platform-engine-1.9.1.jar;D:\Program Files\apache\apache-maven-3.8.1\maven-repositoy\org\mockito\mockito-core\4.8.1\mockito-core-4.8.1.jar;D:\Program Files\apache\apache-maven-3.8.1\maven-repositoy\net\bytebuddy\byte-buddy-agent\1.12.20\byte-buddy-agent-1.12.20.jar;D:\Program Files\apache\apache-maven-3.8.1\maven-repositoy\org\objenesis\objenesis\3.2\objenesis-3.2.jar;D:\Program Files\apache\apache-maven-3.8.1\maven-repositoy\org\mockito\mockito-junit-jupiter\4.8.1\mockito-junit-jupiter-4.8.1.jar;D:\Program Files\apache\apache-maven-3.8.1\maven-repositoy\org\skyscreamer\jsonassert\1.5.1\jsonassert-1.5.1.jar;D:\Program Files\apache\apache-maven-3.8.1\maven-repositoy\com\vaadin\external\google\android-json\0.0.20131108.vaadin1\android-json-0.0.20131108.vaadin1.jar;D:\Program Files\apache\apache-maven-3.8.1\maven-repositoy\org\springframework\spring-core\6.0.3\spring-core-6.0.3.jar;D:\Program Files\apache\apache-maven-3.8.1\maven-repositoy\org\springframework\spring-jcl\6.0.3\spring-jcl-6.0.3.jar;D:\Program Files\apache\apache-maven-3.8.1\maven-repositoy\org\springframework\spring-test\6.0.3\spring-test-6.0.3.jar;D:\Program Files\apache\apache-maven-3.8.1\maven-repositoy\org\xmlunit\xmlunit-core\2.9.0\xmlunit-core-2.9.0.jar;"/>
    <property name="sun.cpu.endian" value="little"/>
    <property name="user.home" value="C:\Users\27418"/>
    <property name="user.language" value="zh"/>
    <property name="java.specification.vendor" value="Oracle Corporation"/>
    <property name="java.version.date" value="2023-01-17"/>
    <property name="java.home" value="D:\ProgramData\Java\nik-jdk17\jdk17-22.3.1"/>
    <property name="file.separator" value="\"/>
    <property name="basedir" value="D:\Coding\Idea\Kotlin\demo"/>
    <property name="java.vm.compressedOopsMode" value="Zero based"/>
    <property name="jdk.internal.vm.ci.enabled" value="true"/>
    <property name="line.separator" value="&#10;"/>
    <property name="java.vm.specification.vendor" value="Oracle Corporation"/>
    <property name="java.specification.name" value="Java Platform API Specification"/>
    <property name="surefire.real.class.path" value="C:\Users\27418\AppData\Local\Temp\surefire14073359305306896862\surefirebooter14765347138605011338.jar"/>
    <property name="junit.platform.listeners.uid.tracking.enabled" value="true"/>
    <property name="user.script" value=""/>
    <property name="sun.management.compiler" value="HotSpot 64-Bit Tiered Compilers"/>
    <property name="junit.platform.listeners.uid.tracking.output.dir" value="D:\Coding\Idea\Kotlin\demo\target\test-ids"/>
    <property name="java.runtime.version" value="17.0.6+10-LTS"/>
    <property name="user.name" value="净"/>
    <property name="path.separator" value=";"/>
    <property name="os.version" value="10.0"/>
    <property name="java.runtime.name" value="OpenJDK Runtime Environment"/>
    <property name="file.encoding" value="GBK"/>
    <property name="java.vm.name" value="OpenJDK 64-Bit Server VM"/>
    <property name="java.vendor.version" value="GraalVM 22.3.1"/>
    <property name="localRepository" value="D:\Program Files\apache\apache-maven-3.8.1\maven-repositoy"/>
    <property name="java.vendor.url.bug" value="https://bell-sw.com/support"/>
    <property name="java.io.tmpdir" value="C:\Users\27418\AppData\Local\Temp\"/>
    <property name="java.version" value="17.0.6"/>
    <property name="user.dir" value="D:\Coding\Idea\Kotlin\demo"/>
    <property name="os.arch" value="amd64"/>
    <property name="java.vm.specification.name" value="Java Virtual Machine Specification"/>
    <property name="sun.os.patch.level" value=""/>
    <property name="native.encoding" value="GBK"/>
    <property name="java.library.path" value="D:\ProgramData\Java\nik-jdk17\jdk17-22.3.1\bin;C:\WINDOWS\Sun\Java\bin;C:\WINDOWS\system32;C:\WINDOWS;D:\Program Files (x86)\Microsoft Visual Studio\2022\BuildTools\VC\Tools\MSVC\14.34.31933\bin\HostX64\x64;D:\Program Files (x86)\Microsoft Visual Studio\2022\BuildTools\MSBuild\Current\bin\Roslyn;C:\Program Files (x86)\Windows Kits\10\bin\10.0.20348.0\\x64;C:\Program Files (x86)\Windows Kits\10\bin\\x64;D:\Program Files (x86)\Microsoft Visual Studio\2022\BuildTools\\MSBuild\Current\Bin\amd64;C:\WINDOWS\Microsoft.NET\Framework64\v4.0.30319;D:\Program Files (x86)\Microsoft Visual Studio\2022\BuildTools\Common7\IDE\;D:\Program Files (x86)\Microsoft Visual Studio\2022\BuildTools\Common7\Tools\;C:\WINDOWS;C:\WINDOWS\System32\Wbem;C:\WINDOWS\System32\WindowsPowerShell\v1.0;C:\WINDOWS\System32\OpenSSH;C:\Program Files\NVIDIA Corporation\NVIDIA NvDLISR;C:\Program Files (x86)\NVIDIA Corporation\PhysX\Common;C:\Program Files\dotnet;C:\Program Files (x86)\dotnet;C:\ProgramData\chocolatey\bin;C:\Program Files (x86)\Windows Kits\10\bin\10.0.18362.0\x64;D:\Program Files (x86)\Microsoft Visual Studio\2022\BuildTools\VC\Tools\MSVC\14.34.31933\bin\Hostx64\x64;D:\Program Files\gradle\gradle-7.2\bin;D:\Program Files (x86)\VMware\VMware Workstation\bin;C:\WINDOWS\system32;D:\Program Files\apache\apache-maven-3.8.1\bin;D:\Program Files\MySQL\MySQL Server 8.0\bin;D:\ProgramData\Git\cmd;D:\Program Files (x86)\NetSarang\Xshell 7;D:\Program Files (x86)\NetSarang\Xftp 7;D:\ProgramData\python\python-3.10.2\Lib\site-packages\pip;D:\ProgramData\MQ\rabbitmq\erl-24.2\bin;D:\ProgramData\MQ\rocketmq\rocketmq-4.9.2\bin;D:\ProgramData\python\python-3.10.2\Scripts;D:\Program Files (x86)\Mongodb\mongodb_windows\bin;D:\Program Files\Tesseract-OCR;D:\Program Files\nodejs;D:\Program Files (x86)\go-sdk\go\bin;D:\ProgramData\Java\nik-jdk17\jdk17-22.3.1\bin;D:\ProgramData\python\python-3.10.2\Scripts;C:\WINDOWS\system32;C:\Users\27418\AppData\Roaming\npm;C:\Users\27418\AppData\Local\Microsoft\WindowsApps;C:\Users\27418\AppData\Local\JetBrains\Toolbox\scripts;C:\Program Files (x86)\Windows Kits\10\bin\10.0.18362.0\x64;D:\Program Files (x86)\Microsoft Visual Studio\2022\BuildTools\VC\Tools\MSVC\14.34.31933\bin\Hostx64\x64;D:\Program Files (x86)\vscode\Microsoft VS Code\bin;D:\ProgramData\python\python-3.10.2;D:\ProgramData\python\python-3.10.2\Scripts;D:\ProgramData\python\python-3.10.2\Lib\site-packages\pip;D:\Program Files\gradle\gradle-7.2\bin;D:\Program Files\Tesseract-OCR;D:\ProgramData\MQ\rocketmq\rocketmq-4.9.2\bin;D:\Program Files (x86)\Mongodb\mongodb_windows\bin;D:\Program Files\JetBrains\CLion 2022.1.3\bin;D:\Program Files\JetBrains\PyCharm 2021.3.2\bin;D:\Program Files\JetBrains\GoLand 2022.1.4\bin;;%DataGrip%;%WebStorm%;%DevEco Studio%;%GO_HONE%\bin;D:\ProgramData\Java\nik-jdk17\jdk17-22.3.1\bin;."/>
    <property name="java.vm.info" value="mixed mode, sharing"/>
    <property name="java.vendor" value="BellSoft"/>
    <property name="java.vm.version" value="17.0.6+10-LTS"/>
    <property name="sun.io.unicode.encoding" value="UnicodeLittle"/>
    <property name="java.class.version" value="61.0"/>
  </properties>
  <testcase name="contextLoads" classname="com.example.demo.DemoApplicationTests" time="0.634"/>
</testsuite>